<?xml version="1.0" encoding="UTF-8"?>
<testng-results ignored="0" total="1" passed="1" failed="0" skipped="0">
  <reporter-output>
    <line>
      <![CDATA[Browser Maximized]]>
    </line>
    <line>
      <![CDATA[URL has been launched succesfully]]>
    </line>
  </reporter-output>
  <suite started-at="2023-06-26T15:42:28 IST" name="Default suite" finished-at="2023-06-26T15:42:34 IST" duration-ms="5330">
    <groups>
    </groups>
    <test started-at="2023-06-26T15:42:28 IST" name="Default test" finished-at="2023-06-26T15:42:34 IST" duration-ms="5330">
      <class name="testCase.AccountRegistration">
        <test-method is-config="true" signature="setup()[pri:0, instance:testCase.AccountRegistration@7b98f307]" started-at="2023-06-26T15:42:29 IST" name="setup" finished-at="2023-06-26T15:42:33 IST" duration-ms="4828" status="PASS">
          <reporter-output>
            <line>
              <![CDATA[Browser Maximized]]>
            </line>
            <line>
              <![CDATA[URL has been launched succesfully]]>
            </line>
          </reporter-output>
        </test-method> <!-- setup -->
        <test-method signature="registerUser()[pri:0, instance:testCase.AccountRegistration@7b98f307]" started-at="2023-06-26T15:42:33 IST" name="registerUser" finished-at="2023-06-26T15:42:34 IST" duration-ms="337" status="PASS">
          <reporter-output>
          </reporter-output>
        </test-method> <!-- registerUser -->
        <test-method is-config="true" signature="afterMethod()[pri:0, instance:testCase.AccountRegistration@7b98f307]" started-at="2023-06-26T15:42:34 IST" name="afterMethod" finished-at="2023-06-26T15:42:34 IST" duration-ms="123" status="PASS">
          <reporter-output>
          </reporter-output>
        </test-method> <!-- afterMethod -->
      </class> <!-- testCase.AccountRegistration -->
    </test> <!-- Default test -->
  </suite> <!-- Default suite -->
</testng-results>
