<?xml version="1.0" encoding="UTF-8"?>
<testng-results ignored="2" total="3" passed="1" failed="0" skipped="0">
  <reporter-output>
    <line>
      <![CDATA[Browser Maximized]]>
    </line>
    <line>
      <![CDATA[URL has been launched succesfully]]>
    </line>
  </reporter-output>
  <suite started-at="2023-06-27T01:19:36 IST" name="Default suite" finished-at="2023-06-27T01:19:45 IST" duration-ms="8896">
    <groups>
    </groups>
    <test started-at="2023-06-27T01:19:36 IST" name="Default test" finished-at="2023-06-27T01:19:45 IST" duration-ms="8896">
      <class name="testCase.SearchTest">
        <test-method is-config="true" signature="setup()[pri:0, instance:testCase.SearchTest@7dcf94f8]" started-at="2023-06-27T01:19:36 IST" name="setup" finished-at="2023-06-27T01:19:40 IST" duration-ms="3994" status="PASS">
          <reporter-output>
            <line>
              <![CDATA[Browser Maximized]]>
            </line>
            <line>
              <![CDATA[URL has been launched succesfully]]>
            </line>
          </reporter-output>
        </test-method> <!-- setup -->
        <test-method signature="SearchWithhoutKeyword()[pri:3, instance:testCase.SearchTest@7dcf94f8]" started-at="2023-06-27T01:19:40 IST" name="SearchWithhoutKeyword" finished-at="2023-06-27T01:19:45 IST" duration-ms="4544" status="PASS">
          <reporter-output>
          </reporter-output>
        </test-method> <!-- SearchWithhoutKeyword -->
        <test-method is-config="true" signature="afterMethod()[pri:0, instance:testCase.SearchTest@7dcf94f8]" started-at="2023-06-27T01:19:45 IST" name="afterMethod" finished-at="2023-06-27T01:19:45 IST" duration-ms="315" status="PASS">
          <reporter-output>
          </reporter-output>
        </test-method> <!-- afterMethod -->
      </class> <!-- testCase.SearchTest -->
    </test> <!-- Default test -->
  </suite> <!-- Default suite -->
</testng-results>
