<?xml version="1.0" encoding="UTF-8"?>
<!-- Generated by org.testng.reporters.JUnitXMLReporter -->
<testsuite ignored="1" hostname="LAPTOP-SI22S4K0" failures="0" tests="1" name="Default test" time="11.726" errors="0" timestamp="2023-06-27T11:56:56 IST">
  <testcase classname="testCase.AccountRegistration" name="newUser" time="6.412"/>
  <testcase classname="testCase.AccountRegistration" name="registerWithExistingCredentials" time="0.0">
    <ignored/>
  </testcase> <!-- registerWithExistingCredentials -->
</testsuite> <!-- Default test -->
