<?xml version="1.0" encoding="UTF-8"?>
<!-- Generated by org.testng.reporters.JUnitXMLReporter -->
<testsuite ignored="2" hostname="LAPTOP-SI22S4K0" failures="0" tests="1" name="Default test" time="8.896" errors="0" timestamp="2023-06-27T01:19:45 IST">
  <testcase classname="testCase.SearchTest" name="SearchWithhoutKeyword" time="4.544"/>
  <testcase classname="testCase.SearchTest" name="InvalidSearch" time="0.0">
    <ignored/>
  </testcase> <!-- InvalidSearch -->
  <testcase classname="testCase.SearchTest" name="ValidSearch" time="0.0">
    <ignored/>
  </testcase> <!-- ValidSearch -->
</testsuite> <!-- Default test -->
